<?xml version="1.0" encoding="UTF-8"?>
<testng-results skipped="0" failed="0" ignored="0" total="2" passed="2">
  <reporter-output>
  </reporter-output>
  <suite name="Default suite" duration-ms="46758" started-at="2018-02-10T09:45:45Z" finished-at="2018-02-10T09:46:32Z">
    <groups>
    </groups>
    <test name="Default test" duration-ms="46758" started-at="2018-02-10T09:45:45Z" finished-at="2018-02-10T09:46:32Z">
      <class name="Framework.HomePage">
        <test-method status="PASS" signature="BasePageNavigation(java.lang.String, java.lang.String, java.lang.String)[pri:0, instance:Framework.HomePage@12468a38]" name="BasePageNavigation" duration-ms="26838" started-at="2018-02-10T15:15:45Z" data-provider="getData" finished-at="2018-02-10T15:16:12Z">
          <params>
            <param index="0">
              <value>
                <![CDATA[abc@def.com]]>
              </value>
            </param>
            <param index="1">
              <value>
                <![CDATA[123456]]>
              </value>
            </param>
            <param index="2">
              <value>
                <![CDATA[Full-Access]]>
              </value>
            </param>
          </params>
          <reporter-output>
          </reporter-output>
        </test-method> <!-- BasePageNavigation -->
        <test-method status="PASS" signature="BasePageNavigation(java.lang.String, java.lang.String, java.lang.String)[pri:0, instance:Framework.HomePage@12468a38]" name="BasePageNavigation" duration-ms="19004" started-at="2018-02-10T15:16:12Z" data-provider="getData" finished-at="2018-02-10T15:16:31Z">
          <params>
            <param index="0">
              <value>
                <![CDATA[xyz@pqr.com]]>
              </value>
            </param>
            <param index="1">
              <value>
                <![CDATA[987654]]>
              </value>
            </param>
            <param index="2">
              <value>
                <![CDATA[Restricted]]>
              </value>
            </param>
          </params>
          <reporter-output>
          </reporter-output>
        </test-method> <!-- BasePageNavigation -->
        <test-method status="PASS" signature="CloseSessions()[pri:0, instance:Framework.HomePage@12468a38]" name="CloseSessions" is-config="true" duration-ms="870" started-at="2018-02-10T15:16:31Z" finished-at="2018-02-10T15:16:32Z">
          <reporter-output>
          </reporter-output>
        </test-method> <!-- CloseSessions -->
      </class> <!-- Framework.HomePage -->
    </test> <!-- Default test -->
  </suite> <!-- Default suite -->
</testng-results>
