<?xml version="1.0" encoding="UTF-8"?>
<!-- Generated by org.testng.reporters.JUnitXMLReporter -->
<testsuite hostname="MACTAVISH" name="Test1" tests="2" failures="2" timestamp="19 Feb 2018 17:19:27 GMT" time="0.109" errors="0">
  <testcase name="@AfterTest CloseSessions" time="0.0" classname="Framework.HomePage">
    <failure type="java.lang.NullPointerException">
      <![CDATA[java.lang.NullPointerException
	at Framework.HomePage.CloseSessions(HomePage.java:62)
... Removed 22 stack frames]]>
    </failure>
  </testcase> <!-- @AfterTest CloseSessions -->
  <testcase name="LoginPageNavigation" time="0.031" classname="Framework.HomePage">
    <failure type="java.io.FileNotFoundException" message="C:\Users\HUNT\SeleniumProject\src\main\java\resources\data.properties (The system cannot find the path specified)">
      <![CDATA[java.io.FileNotFoundException: C:\Users\HUNT\SeleniumProject\src\main\java\resources\data.properties (The system cannot find the path specified)
	at java.io.FileInputStream.open0(Native Method)
	at java.io.FileInputStream.open(FileInputStream.java:195)
	at java.io.FileInputStream.<init>(FileInputStream.java:138)
	at java.io.FileInputStream.<init>(FileInputStream.java:93)
	at resources.Base_class.InitializeDriver(Base_class.java:30)
	at Framework.HomePage.LoginPageNavigation(HomePage.java:22)
... Removed 24 stack frames]]>
    </failure>
  </testcase> <!-- LoginPageNavigation -->
  <testcase name="LoginPageNavigation" time="0.0" classname="Framework.HomePage">
    <failure type="java.io.FileNotFoundException" message="C:\Users\HUNT\SeleniumProject\src\main\java\resources\data.properties (The system cannot find the path specified)">
      <![CDATA[java.io.FileNotFoundException: C:\Users\HUNT\SeleniumProject\src\main\java\resources\data.properties (The system cannot find the path specified)
	at java.io.FileInputStream.open0(Native Method)
	at java.io.FileInputStream.open(FileInputStream.java:195)
	at java.io.FileInputStream.<init>(FileInputStream.java:138)
	at java.io.FileInputStream.<init>(FileInputStream.java:93)
	at resources.Base_class.InitializeDriver(Base_class.java:30)
	at Framework.HomePage.LoginPageNavigation(HomePage.java:22)
... Removed 24 stack frames]]>
    </failure>
  </testcase> <!-- LoginPageNavigation -->
</testsuite> <!-- Test1 -->
