<?xml version="1.0" encoding="UTF-8"?>
<!-- Generated by org.testng.reporters.JUnitXMLReporter -->
<testsuite hostname="MACTAVISH" name="Test2" tests="1" failures="0" timestamp="19 Feb 2018 17:19:27 GMT" time="0.016" errors="0">
  <testcase name="@BeforeTest setup" time="0.0" classname="Framework.ValidateTitle">
    <failure type="java.io.FileNotFoundException" message="C:\Users\HUNT\SeleniumProject\src\main\java\resources\data.properties (The system cannot find the path specified)">
      <![CDATA[java.io.FileNotFoundException: C:\Users\HUNT\SeleniumProject\src\main\java\resources\data.properties (The system cannot find the path specified)
	at java.io.FileInputStream.open0(Native Method)
	at java.io.FileInputStream.open(FileInputStream.java:195)
	at java.io.FileInputStream.<init>(FileInputStream.java:138)
	at java.io.FileInputStream.<init>(FileInputStream.java:93)
	at resources.Base_class.InitializeDriver(Base_class.java:30)
	at Framework.ValidateTitle.setup(ValidateTitle.java:23)
... Removed 22 stack frames]]>
    </failure>
  </testcase> <!-- @BeforeTest setup -->
  <testcase name="@AfterTest CloseBrowser" time="0.0" classname="Framework.ValidateTitle">
    <skipped/>
  </testcase> <!-- @AfterTest CloseBrowser -->
  <testcase name="VerifyTitle" time="0.016" classname="Framework.ValidateTitle">
    <skipped/>
  </testcase> <!-- VerifyTitle -->
</testsuite> <!-- Test2 -->
