<?xml version="1.0" encoding="UTF-8"?>
<!-- Generated by org.testng.reporters.JUnitXMLReporter -->
<testsuite hostname="MACTAVISH" ignored="0" name="Test" tests="4" failures="0" timestamp="09 Feb 2018 04:26:34 GMT" time="80.251" errors="0">
  <testcase name="BasePageNavigation" time="0.227" classname="Framework.ValidateTitle"/>
  <testcase name="BasePageNavigation" time="0.088" classname="Framework.ValidateNavBar"/>
  <testcase name="BasePageNavigation" time="30.03" classname="Framework.HomePage"/>
  <testcase name="BasePageNavigation" time="24.907" classname="Framework.HomePage"/>
</testsuite> <!-- Test -->
