<?xml version="1.0" encoding="UTF-8"?>
<testng-results skipped="0" failed="0" ignored="0" total="1" passed="1">
  <reporter-output>
  </reporter-output>
  <suite name="Default suite" duration-ms="25250" started-at="2018-02-25T18:34:23Z" finished-at="2018-02-25T18:34:48Z">
    <groups>
    </groups>
    <test name="Default test" duration-ms="25250" started-at="2018-02-25T18:34:23Z" finished-at="2018-02-25T18:34:48Z">
      <class name="TestCases.TC_02">
        <test-method status="PASS" signature="TestCase2()[pri:0, instance:TestCases.TC_02@46d56d67]" name="TestCase2" duration-ms="25219" started-at="2018-02-25T18:34:23Z" finished-at="2018-02-25T18:34:48Z">
          <reporter-output>
          </reporter-output>
        </test-method> <!-- TestCase2 -->
      </class> <!-- TestCases.TC_02 -->
    </test> <!-- Default test -->
  </suite> <!-- Default suite -->
</testng-results>
