<?xml version="1.0" encoding="UTF-8"?>
<!-- Generated by org.testng.reporters.JUnitXMLReporter -->
<testsuite hostname="MACTAVISH" ignored="0" name="Test" tests="1" failures="1" timestamp="24 Feb 2018 13:20:35 GMT" time="0.043" errors="0">
  <testcase name="LoginPageNavigation" time="0.0" classname="TestCases.TC_01">
    <failure type="org.testng.TestNGException" message="
Data Provider public void TestCases.TC_01.setLoginCredentials() throws java.io.IOException returned a null value">
      <![CDATA[org.testng.TestNGException: 
Data Provider public void TestCases.TC_01.setLoginCredentials() throws java.io.IOException returned a null value
... Removed 22 stack frames]]>
    </failure>
  </testcase> <!-- LoginPageNavigation -->
</testsuite> <!-- Test -->
